<?xml version="1.0" encoding="UTF-8"?>
<testsuite xmlns:xsi="http://www.w3.org/2001/XMLSchema-instance" xsi:noNamespaceSchemaLocation="https://maven.apache.org/surefire/maven-surefire-plugin/xsd/surefire-test-report.xsd" name="muhammad.junaidi.test.membuatTest.CalculatorTest" time="0.054" tests="6" errors="0" skipped="3" failures="0">
  <properties>
[...]
</properties>
  <testcase name="testDivideFiled" classname="muhammad.junaidi.test.membuatTest.CalculatorTest" time="0.017"/>
  <testcase name="testSumSuccess" classname="muhammad.junaidi.test.membuatTest.CalculatorTest" time="0.002"/>
  <testcase name="testAssumtions" classname="muhammad.junaidi.test.membuatTest.CalculatorTest" time="0">
    <skipped message="Assumption failed: assumption is not true" type="org.opentest4j.TestAbortedException">org.opentest4j.TestAbortedException: Assumption failed: assumption is not true
	at muhammad.junaidi.test.membuatTest.CalculatorTest.testAssumtions(CalculatorTest.java:75)
</skipped>
    <system-out><![CDATA[Before Each
After Each
]]></system-out>
  </testcase>
  <testcase name="testAborted" classname="muhammad.junaidi.test.membuatTest.CalculatorTest" time="0">
    <skipped message="Test Di Hentikan : TestAbortedException" type="org.opentest4j.TestAbortedException">org.opentest4j.TestAbortedException: Test Di Hentikan : TestAbortedException
	at muhammad.junaidi.test.membuatTest.CalculatorTest.testAborted(CalculatorTest.java:69)
</skipped>
    <system-out><![CDATA[Before Each
After Each
]]></system-out>
  </testcase>
  <testcase name="testDisabled" classname="muhammad.junaidi.test.membuatTest.CalculatorTest" time="0">
    <skipped message="public void muhammad.junaidi.test.membuatTest.CalculatorTest.testDisabled() is @Disabled"/>
  </testcase>
  <testcase name="testDivideSuccess" classname="muhammad.junaidi.test.membuatTest.CalculatorTest" time="0"/>
</testsuite>